Compiled jquery.js  (15ms)  (pid 5596)
Compiled jquery_ujs.js  (0ms)  (pid 5596)
Compiled attachinary.js  (2171ms)  (pid 5596)
Compiled bootstrap-carousel.js  (0ms)  (pid 5596)
Compiled bootstrap-transition.js  (0ms)  (pid 5596)
Compiled bootstrap.js  (0ms)  (pid 5596)
Compiled comments.js  (1171ms)  (pid 5596)
Compiled jcarousellite.pauseOnHover.js  (15ms)  (pid 5596)
Compiled jquery.cloudinary.js  (15ms)  (pid 5596)
Compiled jquery.fileupload.js  (15ms)  (pid 5596)
Compiled jquery.iframe-transport.js  (0ms)  (pid 5596)
Compiled jquery.ui.widget.js  (0ms)  (pid 5596)
Compiled my_login.js  (1218ms)  (pid 5596)
Compiled posts.js  (1437ms)  (pid 5596)
Compiled relationships.js  (1656ms)  (pid 5596)
Compiled sessions.js  (1968ms)  (pid 5596)
Compiled users.js  (1281ms)  (pid 5596)
Compiled cloudinary/jquery.cloudinary.js  (0ms)  (pid 5596)
Compiled tinymce/preinit.js  (0ms)  (pid 5596)
Compiled tinymce/tinymce.js  (140ms)  (pid 5596)
Compiled tinymce.js  (484ms)  (pid 5596)
Compiled application.js  (13609ms)  (pid 5596)
Compiled comments.css  (109ms)  (pid 5596)
Compiled custom.css  (8171ms)  (pid 5596)
Compiled my_login.css  (15ms)  (pid 5596)
Compiled posts.css  (0ms)  (pid 5596)
Compiled relationships.css  (0ms)  (pid 5596)
Compiled sessions.css  (15ms)  (pid 5596)
Compiled users.css  (0ms)  (pid 5596)
Compiled application.css  (8906ms)  (pid 5596)
